<?xml version="1.0" encoding="UTF-8"?>
<testsuite name="org.generation.FinalProject.ItemServiceMySQLTest" tests="4" skipped="0" failures="0" errors="0" timestamp="2022-06-21T16:41:09" hostname="MALFORMEDBOX" time="0.035">
  <properties/>
  <testcase name="listCallsItemsRepositoryList()" classname="org.generation.FinalProject.ItemServiceMySQLTest" time="0.019"/>
  <testcase name="saveCallsItemsRepositorySave()" classname="org.generation.FinalProject.ItemServiceMySQLTest" time="0.002"/>
  <testcase name="deleteCallsItemsRepositoryDelete()" classname="org.generation.FinalProject.ItemServiceMySQLTest" time="0.002"/>
  <testcase name="findByIdCallsItemsRepositoryFindById()" classname="org.generation.FinalProject.ItemServiceMySQLTest" time="0.009"/>
  <system-out><![CDATA[2022-06-22 00:41:09.275  INFO 14588 --- [    Test worker] .b.t.c.SpringBootTestContextBootstrapper : Neither @ContextConfiguration nor @ContextHierarchy found for test class [org.generation.FinalProject.ItemServiceMySQLTest], using SpringBootContextLoader
2022-06-22 00:41:09.275  INFO 14588 --- [    Test worker] o.s.t.c.support.AbstractContextLoader    : Could not detect default resource locations for test class [org.generation.FinalProject.ItemServiceMySQLTest]: no resource found for suffixes {-context.xml, Context.groovy}.
2022-06-22 00:41:09.275  INFO 14588 --- [    Test worker] t.c.s.AnnotationConfigContextLoaderUtils : Could not detect default configuration classes for test class [org.generation.FinalProject.ItemServiceMySQLTest]: ItemServiceMySQLTest does not declare any static, non-private, non-final, nested classes annotated with @Configuration.
2022-06-22 00:41:09.275  INFO 14588 --- [    Test worker] .b.t.c.SpringBootTestContextBootstrapper : Found @SpringBootConfiguration org.generation.FinalProject.FinalProjectApplication for test class org.generation.FinalProject.ItemServiceMySQLTest
2022-06-22 00:41:09.285  INFO 14588 --- [    Test worker] .b.t.c.SpringBootTestContextBootstrapper : Loaded default TestExecutionListener class names from location [META-INF/spring.factories]: [org.springframework.boot.test.autoconfigure.restdocs.RestDocsTestExecutionListener, org.springframework.boot.test.autoconfigure.web.client.MockRestServiceServerResetTestExecutionListener, org.springframework.boot.test.autoconfigure.web.servlet.MockMvcPrintOnlyOnFailureTestExecutionListener, org.springframework.boot.test.autoconfigure.web.servlet.WebDriverTestExecutionListener, org.springframework.boot.test.autoconfigure.webservices.client.MockWebServiceServerTestExecutionListener, org.springframework.boot.test.mock.mockito.MockitoTestExecutionListener, org.springframework.boot.test.mock.mockito.ResetMocksTestExecutionListener, org.springframework.test.context.web.ServletTestExecutionListener, org.springframework.test.context.support.DirtiesContextBeforeModesTestExecutionListener, org.springframework.test.context.event.ApplicationEventsTestExecutionListener, org.springframework.test.context.support.DependencyInjectionTestExecutionListener, org.springframework.test.context.support.DirtiesContextTestExecutionListener, org.springframework.test.context.transaction.TransactionalTestExecutionListener, org.springframework.test.context.jdbc.SqlScriptsTestExecutionListener, org.springframework.test.context.event.EventPublishingTestExecutionListener]
2022-06-22 00:41:09.285  INFO 14588 --- [    Test worker] .b.t.c.SpringBootTestContextBootstrapper : Using TestExecutionListeners: [org.springframework.test.context.web.ServletTestExecutionListener@44f88149, org.springframework.test.context.support.DirtiesContextBeforeModesTestExecutionListener@3b1a3125, org.springframework.test.context.event.ApplicationEventsTestExecutionListener@4199761d, org.springframework.boot.test.mock.mockito.MockitoTestExecutionListener@3ca564aa, org.springframework.boot.test.autoconfigure.SpringBootDependencyInjectionTestExecutionListener@3cd758be, org.springframework.test.context.support.DirtiesContextTestExecutionListener@562ec518, org.springframework.test.context.transaction.TransactionalTestExecutionListener@5c8d685e, org.springframework.test.context.jdbc.SqlScriptsTestExecutionListener@4b1ad751, org.springframework.test.context.event.EventPublishingTestExecutionListener@4d0e6424, org.springframework.boot.test.autoconfigure.restdocs.RestDocsTestExecutionListener@6da86e98, org.springframework.boot.test.autoconfigure.web.client.MockRestServiceServerResetTestExecutionListener@5a5024eb, org.springframework.boot.test.autoconfigure.web.servlet.MockMvcPrintOnlyOnFailureTestExecutionListener@476dc0af, org.springframework.boot.test.autoconfigure.web.servlet.WebDriverTestExecutionListener@797ca322, org.springframework.boot.test.autoconfigure.webservices.client.MockWebServiceServerTestExecutionListener@570ede3b, org.springframework.boot.test.mock.mockito.ResetMocksTestExecutionListener@c22cf4d]
]]></system-out>
  <system-err><![CDATA[]]></system-err>
</testsuite>
