<?xml version="1.0" encoding="UTF-8"?>
<testsuite name="org.generation.FinalProject.FinalProjectApplicationTests" tests="1" skipped="0" failures="0" errors="0" timestamp="2022-06-24T04:26:00" hostname="MALFORMEDBOX" time="0.173">
  <properties/>
  <testcase name="contextLoads()" classname="org.generation.FinalProject.FinalProjectApplicationTests" time="0.173"/>
  <system-out><![CDATA[12:25:56.705 [Test worker] DEBUG org.springframework.test.context.BootstrapUtils - Instantiating CacheAwareContextLoaderDelegate from class [org.springframework.test.context.cache.DefaultCacheAwareContextLoaderDelegate]
12:25:56.715 [Test worker] DEBUG org.springframework.test.context.BootstrapUtils - Instantiating BootstrapContext using constructor [public org.springframework.test.context.support.DefaultBootstrapContext(java.lang.Class,org.springframework.test.context.CacheAwareContextLoaderDelegate)]
12:25:56.742 [Test worker] DEBUG org.springframework.test.context.BootstrapUtils - Instantiating TestContextBootstrapper for test class [org.generation.FinalProject.FinalProjectApplicationTests] from class [org.springframework.boot.test.context.SpringBootTestContextBootstrapper]
12:25:56.751 [Test worker] INFO org.springframework.boot.test.context.SpringBootTestContextBootstrapper - Neither @ContextConfiguration nor @ContextHierarchy found for test class [org.generation.FinalProject.FinalProjectApplicationTests], using SpringBootContextLoader
12:25:56.752 [Test worker] DEBUG org.springframework.test.context.support.AbstractContextLoader - Did not detect default resource location for test class [org.generation.FinalProject.FinalProjectApplicationTests]: class path resource [org/generation/FinalProject/FinalProjectApplicationTests-context.xml] does not exist
12:25:56.752 [Test worker] DEBUG org.springframework.test.context.support.AbstractContextLoader - Did not detect default resource location for test class [org.generation.FinalProject.FinalProjectApplicationTests]: class path resource [org/generation/FinalProject/FinalProjectApplicationTestsContext.groovy] does not exist
12:25:56.752 [Test worker] INFO org.springframework.test.context.support.AbstractContextLoader - Could not detect default resource locations for test class [org.generation.FinalProject.FinalProjectApplicationTests]: no resource found for suffixes {-context.xml, Context.groovy}.
12:25:56.752 [Test worker] INFO org.springframework.test.context.support.AnnotationConfigContextLoaderUtils - Could not detect default configuration classes for test class [org.generation.FinalProject.FinalProjectApplicationTests]: FinalProjectApplicationTests does not declare any static, non-private, non-final, nested classes annotated with @Configuration.
12:25:56.784 [Test worker] DEBUG org.springframework.test.context.support.ActiveProfilesUtils - Could not find an 'annotation declaring class' for annotation type [org.springframework.test.context.ActiveProfiles] and class [org.generation.FinalProject.FinalProjectApplicationTests]
12:25:56.830 [Test worker] DEBUG org.springframework.context.annotation.ClassPathScanningCandidateComponentProvider - Identified candidate component class: file [F:\OneDrive\KekasihDeploy\KekasihDeploy\build\classes\java\main\org\generation\FinalProject\FinalProjectApplication.class]
12:25:56.832 [Test worker] INFO org.springframework.boot.test.context.SpringBootTestContextBootstrapper - Found @SpringBootConfiguration org.generation.FinalProject.FinalProjectApplication for test class org.generation.FinalProject.FinalProjectApplicationTests
12:25:56.897 [Test worker] DEBUG org.springframework.boot.test.context.SpringBootTestContextBootstrapper - @TestExecutionListeners is not present for class [org.generation.FinalProject.FinalProjectApplicationTests]: using defaults.
12:25:56.897 [Test worker] INFO org.springframework.boot.test.context.SpringBootTestContextBootstrapper - Loaded default TestExecutionListener class names from location [META-INF/spring.factories]: [org.springframework.boot.test.autoconfigure.restdocs.RestDocsTestExecutionListener, org.springframework.boot.test.autoconfigure.web.client.MockRestServiceServerResetTestExecutionListener, org.springframework.boot.test.autoconfigure.web.servlet.MockMvcPrintOnlyOnFailureTestExecutionListener, org.springframework.boot.test.autoconfigure.web.servlet.WebDriverTestExecutionListener, org.springframework.boot.test.autoconfigure.webservices.client.MockWebServiceServerTestExecutionListener, org.springframework.boot.test.mock.mockito.MockitoTestExecutionListener, org.springframework.boot.test.mock.mockito.ResetMocksTestExecutionListener, org.springframework.test.context.web.ServletTestExecutionListener, org.springframework.test.context.support.DirtiesContextBeforeModesTestExecutionListener, org.springframework.test.context.event.ApplicationEventsTestExecutionListener, org.springframework.test.context.support.DependencyInjectionTestExecutionListener, org.springframework.test.context.support.DirtiesContextTestExecutionListener, org.springframework.test.context.transaction.TransactionalTestExecutionListener, org.springframework.test.context.jdbc.SqlScriptsTestExecutionListener, org.springframework.test.context.event.EventPublishingTestExecutionListener]
12:25:56.912 [Test worker] INFO org.springframework.boot.test.context.SpringBootTestContextBootstrapper - Using TestExecutionListeners: [org.springframework.test.context.web.ServletTestExecutionListener@427b5f92, org.springframework.test.context.support.DirtiesContextBeforeModesTestExecutionListener@24bdb479, org.springframework.test.context.event.ApplicationEventsTestExecutionListener@7e3f95fe, org.springframework.boot.test.mock.mockito.MockitoTestExecutionListener@34625ccd, org.springframework.boot.test.autoconfigure.SpringBootDependencyInjectionTestExecutionListener@2c7d121c, org.springframework.test.context.support.DirtiesContextTestExecutionListener@65aa6596, org.springframework.test.context.transaction.TransactionalTestExecutionListener@67389cb8, org.springframework.test.context.jdbc.SqlScriptsTestExecutionListener@419a20a6, org.springframework.test.context.event.EventPublishingTestExecutionListener@533377b, org.springframework.boot.test.autoconfigure.restdocs.RestDocsTestExecutionListener@3383649e, org.springframework.boot.test.autoconfigure.web.client.MockRestServiceServerResetTestExecutionListener@10fde30a, org.springframework.boot.test.autoconfigure.web.servlet.MockMvcPrintOnlyOnFailureTestExecutionListener@f27ea3, org.springframework.boot.test.autoconfigure.web.servlet.WebDriverTestExecutionListener@1ce61929, org.springframework.boot.test.autoconfigure.webservices.client.MockWebServiceServerTestExecutionListener@346939bf, org.springframework.boot.test.mock.mockito.ResetMocksTestExecutionListener@4bf3798b]
12:25:56.917 [Test worker] DEBUG org.springframework.test.context.support.AbstractDirtiesContextTestExecutionListener - Before test class: context [DefaultTestContext@19fe4644 testClass = FinalProjectApplicationTests, testInstance = [null], testMethod = [null], testException = [null], mergedContextConfiguration = [WebMergedContextConfiguration@21d8bcbe testClass = FinalProjectApplicationTests, locations = '{}', classes = '{class org.generation.FinalProject.FinalProjectApplication}', contextInitializerClasses = '[]', activeProfiles = '{}', propertySourceLocations = '{}', propertySourceProperties = '{org.springframework.boot.test.context.SpringBootTestContextBootstrapper=true}', contextCustomizers = set[org.springframework.boot.test.autoconfigure.actuate.metrics.MetricsExportContextCustomizerFactory$DisableMetricExportContextCustomizer@64c63c79, org.springframework.boot.test.autoconfigure.properties.PropertyMappingContextCustomizer@0, org.springframework.boot.test.autoconfigure.web.servlet.WebDriverContextCustomizerFactory$Customizer@21fd5faa, org.springframework.boot.test.context.filter.ExcludeFilterContextCustomizer@3fc9504b, org.springframework.boot.test.json.DuplicateJsonObjectContextCustomizerFactory$DuplicateJsonObjectContextCustomizer@740d2e78, org.springframework.boot.test.mock.mockito.MockitoContextCustomizer@0, org.springframework.boot.test.web.client.TestRestTemplateContextCustomizer@30af5b6b, org.springframework.boot.test.context.SpringBootTestArgs@1, org.springframework.boot.test.context.SpringBootTestWebEnvironment@1eb5174b], resourceBasePath = 'src/main/webapp', contextLoader = 'org.springframework.boot.test.context.SpringBootContextLoader', parent = [null]], attributes = map['org.springframework.test.context.web.ServletTestExecutionListener.activateListener' -> true]], class annotated with @DirtiesContext [false] with mode [null].

  .   ____          _            __ _ _
 /\\ / ___'_ __ _ _(_)_ __  __ _ \ \ \ \
( ( )\___ | '_ | '_| | '_ \/ _` | \ \ \ \
 \\/  ___)| |_)| | | | | || (_| |  ) ) ) )
  '  |____| .__|_| |_|_| |_\__, | / / / /
 =========|_|==============|___/=/_/_/_/
 :: Spring Boot ::                (v2.7.0)

2022-06-24 12:25:57.141  INFO 18136 --- [    Test worker] o.g.F.FinalProjectApplicationTests       : Starting FinalProjectApplicationTests using Java 18.0.1.1 on MalformedBox with PID 18136 (started by Zulhilmi in F:\OneDrive\KekasihDeploy\KekasihDeploy)
2022-06-24 12:25:57.142  INFO 18136 --- [    Test worker] o.g.F.FinalProjectApplicationTests       : The following 1 profile is active: "dev"
2022-06-24 12:25:57.605  INFO 18136 --- [    Test worker] .s.d.r.c.RepositoryConfigurationDelegate : Bootstrapping Spring Data JPA repositories in DEFAULT mode.
2022-06-24 12:25:57.650  INFO 18136 --- [    Test worker] .s.d.r.c.RepositoryConfigurationDelegate : Finished Spring Data repository scanning in 33 ms. Found 1 JPA repository interfaces.
2022-06-24 12:25:58.092  INFO 18136 --- [    Test worker] com.zaxxer.hikari.HikariDataSource       : HikariPool-1 - Starting...
2022-06-24 12:25:58.358  INFO 18136 --- [    Test worker] com.zaxxer.hikari.HikariDataSource       : HikariPool-1 - Start completed.
2022-06-24 12:25:58.406  INFO 18136 --- [    Test worker] o.hibernate.jpa.internal.util.LogHelper  : HHH000204: Processing PersistenceUnitInfo [name: default]
2022-06-24 12:25:58.455  INFO 18136 --- [    Test worker] org.hibernate.Version                    : HHH000412: Hibernate ORM core version 5.6.9.Final
2022-06-24 12:25:58.632  INFO 18136 --- [    Test worker] o.hibernate.annotations.common.Version   : HCANN000001: Hibernate Commons Annotations {5.1.2.Final}
2022-06-24 12:25:58.745  INFO 18136 --- [    Test worker] org.hibernate.dialect.Dialect            : HHH000400: Using dialect: org.hibernate.dialect.MySQL8Dialect
2022-06-24 12:25:59.159  INFO 18136 --- [    Test worker] o.h.e.t.j.p.i.JtaPlatformInitiator       : HHH000490: Using JtaPlatform implementation: [org.hibernate.engine.transaction.jta.platform.internal.NoJtaPlatform]
2022-06-24 12:25:59.166  INFO 18136 --- [    Test worker] j.LocalContainerEntityManagerFactoryBean : Initialized JPA EntityManagerFactory for persistence unit 'default'
2022-06-24 12:25:59.561  INFO 18136 --- [    Test worker] o.s.s.web.DefaultSecurityFilterChain     : Will secure any request with [org.springframework.security.web.session.DisableEncodeUrlFilter@1e836aed, org.springframework.security.web.context.request.async.WebAsyncManagerIntegrationFilter@4bc41565, org.springframework.security.web.context.SecurityContextPersistenceFilter@65698020, org.springframework.security.web.header.HeaderWriterFilter@530df3ab, org.springframework.security.web.authentication.logout.LogoutFilter@4a3333be, org.springframework.security.web.authentication.UsernamePasswordAuthenticationFilter@2c2edbe7, org.springframework.security.web.savedrequest.RequestCacheAwareFilter@3225d950, org.springframework.security.web.servletapi.SecurityContextHolderAwareRequestFilter@1be427b4, org.springframework.security.web.authentication.AnonymousAuthenticationFilter@8dedec8, org.springframework.security.web.session.SessionManagementFilter@64fba3e6, org.springframework.security.web.access.ExceptionTranslationFilter@7d563c13, org.springframework.security.web.access.intercept.FilterSecurityInterceptor@3b780b5c]
2022-06-24 12:25:59.702  WARN 18136 --- [    Test worker] JpaBaseConfiguration$JpaWebConfiguration : spring.jpa.open-in-view is enabled by default. Therefore, database queries may be performed during view rendering. Explicitly configure spring.jpa.open-in-view to disable this warning
2022-06-24 12:26:00.194  INFO 18136 --- [    Test worker] o.g.F.FinalProjectApplicationTests       : Started FinalProjectApplicationTests in 3.251 seconds (JVM running for 4.042)
]]></system-out>
  <system-err><![CDATA[]]></system-err>
</testsuite>
