<?xml version="1.0" encoding="UTF-8"?>
<testsuite name="org.generation.FinalProject.ItemControllerTest" tests="3" skipped="0" failures="0" errors="0" timestamp="2022-06-21T16:41:09" hostname="MALFORMEDBOX" time="0.053">
  <properties/>
  <testcase name="findItemService()" classname="org.generation.FinalProject.ItemControllerTest" time="0.048"/>
  <testcase name="listItemService()" classname="org.generation.FinalProject.ItemControllerTest" time="0.003"/>
  <testcase name="deleteItemService()" classname="org.generation.FinalProject.ItemControllerTest" time="0.002"/>
  <system-out><![CDATA[2022-06-22 00:41:09.219  INFO 14588 --- [    Test worker] .b.t.c.SpringBootTestContextBootstrapper : Neither @ContextConfiguration nor @ContextHierarchy found for test class [org.generation.FinalProject.ItemControllerTest], using SpringBootContextLoader
2022-06-22 00:41:09.219  INFO 14588 --- [    Test worker] o.s.t.c.support.AbstractContextLoader    : Could not detect default resource locations for test class [org.generation.FinalProject.ItemControllerTest]: no resource found for suffixes {-context.xml, Context.groovy}.
2022-06-22 00:41:09.219  INFO 14588 --- [    Test worker] t.c.s.AnnotationConfigContextLoaderUtils : Could not detect default configuration classes for test class [org.generation.FinalProject.ItemControllerTest]: ItemControllerTest does not declare any static, non-private, non-final, nested classes annotated with @Configuration.
2022-06-22 00:41:09.224  INFO 14588 --- [    Test worker] .b.t.c.SpringBootTestContextBootstrapper : Found @SpringBootConfiguration org.generation.FinalProject.FinalProjectApplication for test class org.generation.FinalProject.ItemControllerTest
2022-06-22 00:41:09.225  INFO 14588 --- [    Test worker] .b.t.c.SpringBootTestContextBootstrapper : Loaded default TestExecutionListener class names from location [META-INF/spring.factories]: [org.springframework.boot.test.autoconfigure.restdocs.RestDocsTestExecutionListener, org.springframework.boot.test.autoconfigure.web.client.MockRestServiceServerResetTestExecutionListener, org.springframework.boot.test.autoconfigure.web.servlet.MockMvcPrintOnlyOnFailureTestExecutionListener, org.springframework.boot.test.autoconfigure.web.servlet.WebDriverTestExecutionListener, org.springframework.boot.test.autoconfigure.webservices.client.MockWebServiceServerTestExecutionListener, org.springframework.boot.test.mock.mockito.MockitoTestExecutionListener, org.springframework.boot.test.mock.mockito.ResetMocksTestExecutionListener, org.springframework.test.context.web.ServletTestExecutionListener, org.springframework.test.context.support.DirtiesContextBeforeModesTestExecutionListener, org.springframework.test.context.event.ApplicationEventsTestExecutionListener, org.springframework.test.context.support.DependencyInjectionTestExecutionListener, org.springframework.test.context.support.DirtiesContextTestExecutionListener, org.springframework.test.context.transaction.TransactionalTestExecutionListener, org.springframework.test.context.jdbc.SqlScriptsTestExecutionListener, org.springframework.test.context.event.EventPublishingTestExecutionListener]
2022-06-22 00:41:09.226  INFO 14588 --- [    Test worker] .b.t.c.SpringBootTestContextBootstrapper : Using TestExecutionListeners: [org.springframework.test.context.web.ServletTestExecutionListener@6f70015, org.springframework.test.context.support.DirtiesContextBeforeModesTestExecutionListener@1d5fc340, org.springframework.test.context.event.ApplicationEventsTestExecutionListener@613f48de, org.springframework.boot.test.mock.mockito.MockitoTestExecutionListener@33ce081a, org.springframework.boot.test.autoconfigure.SpringBootDependencyInjectionTestExecutionListener@d8751de, org.springframework.test.context.support.DirtiesContextTestExecutionListener@6e21c6ed, org.springframework.test.context.transaction.TransactionalTestExecutionListener@75c30a4f, org.springframework.test.context.jdbc.SqlScriptsTestExecutionListener@360e4235, org.springframework.test.context.event.EventPublishingTestExecutionListener@1b0fc8b, org.springframework.boot.test.autoconfigure.restdocs.RestDocsTestExecutionListener@61c644fe, org.springframework.boot.test.autoconfigure.web.client.MockRestServiceServerResetTestExecutionListener@cbaabfb, org.springframework.boot.test.autoconfigure.web.servlet.MockMvcPrintOnlyOnFailureTestExecutionListener@48614fb3, org.springframework.boot.test.autoconfigure.web.servlet.WebDriverTestExecutionListener@4eb3b690, org.springframework.boot.test.autoconfigure.webservices.client.MockWebServiceServerTestExecutionListener@1d01fa0c, org.springframework.boot.test.mock.mockito.ResetMocksTestExecutionListener@44bd7f24]
]]></system-out>
  <system-err><![CDATA[]]></system-err>
</testsuite>
