<?xml version="1.0" encoding="UTF-8"?>
<testsuite name="org.generation.FinalProject.FinalProjectApplicationTests" tests="1" skipped="0" failures="0" errors="0" timestamp="2022-06-24T06:21:36" hostname="MALFORMEDBOX" time="0.131">
  <properties/>
  <testcase name="contextLoads()" classname="org.generation.FinalProject.FinalProjectApplicationTests" time="0.131"/>
  <system-out><![CDATA[14:21:32.971 [Test worker] DEBUG org.springframework.test.context.BootstrapUtils - Instantiating CacheAwareContextLoaderDelegate from class [org.springframework.test.context.cache.DefaultCacheAwareContextLoaderDelegate]
14:21:32.979 [Test worker] DEBUG org.springframework.test.context.BootstrapUtils - Instantiating BootstrapContext using constructor [public org.springframework.test.context.support.DefaultBootstrapContext(java.lang.Class,org.springframework.test.context.CacheAwareContextLoaderDelegate)]
14:21:33.006 [Test worker] DEBUG org.springframework.test.context.BootstrapUtils - Instantiating TestContextBootstrapper for test class [org.generation.FinalProject.FinalProjectApplicationTests] from class [org.springframework.boot.test.context.SpringBootTestContextBootstrapper]
14:21:33.014 [Test worker] INFO org.springframework.boot.test.context.SpringBootTestContextBootstrapper - Neither @ContextConfiguration nor @ContextHierarchy found for test class [org.generation.FinalProject.FinalProjectApplicationTests], using SpringBootContextLoader
14:21:33.017 [Test worker] DEBUG org.springframework.test.context.support.AbstractContextLoader - Did not detect default resource location for test class [org.generation.FinalProject.FinalProjectApplicationTests]: class path resource [org/generation/FinalProject/FinalProjectApplicationTests-context.xml] does not exist
14:21:33.017 [Test worker] DEBUG org.springframework.test.context.support.AbstractContextLoader - Did not detect default resource location for test class [org.generation.FinalProject.FinalProjectApplicationTests]: class path resource [org/generation/FinalProject/FinalProjectApplicationTestsContext.groovy] does not exist
14:21:33.017 [Test worker] INFO org.springframework.test.context.support.AbstractContextLoader - Could not detect default resource locations for test class [org.generation.FinalProject.FinalProjectApplicationTests]: no resource found for suffixes {-context.xml, Context.groovy}.
14:21:33.018 [Test worker] INFO org.springframework.test.context.support.AnnotationConfigContextLoaderUtils - Could not detect default configuration classes for test class [org.generation.FinalProject.FinalProjectApplicationTests]: FinalProjectApplicationTests does not declare any static, non-private, non-final, nested classes annotated with @Configuration.
14:21:33.050 [Test worker] DEBUG org.springframework.test.context.support.ActiveProfilesUtils - Could not find an 'annotation declaring class' for annotation type [org.springframework.test.context.ActiveProfiles] and class [org.generation.FinalProject.FinalProjectApplicationTests]
14:21:33.097 [Test worker] DEBUG org.springframework.context.annotation.ClassPathScanningCandidateComponentProvider - Identified candidate component class: file [F:\OneDrive\KekasihDeploy\KekasihDeploy\build\classes\java\main\org\generation\FinalProject\FinalProjectApplication.class]
14:21:33.098 [Test worker] INFO org.springframework.boot.test.context.SpringBootTestContextBootstrapper - Found @SpringBootConfiguration org.generation.FinalProject.FinalProjectApplication for test class org.generation.FinalProject.FinalProjectApplicationTests
14:21:33.166 [Test worker] DEBUG org.springframework.boot.test.context.SpringBootTestContextBootstrapper - @TestExecutionListeners is not present for class [org.generation.FinalProject.FinalProjectApplicationTests]: using defaults.
14:21:33.166 [Test worker] INFO org.springframework.boot.test.context.SpringBootTestContextBootstrapper - Loaded default TestExecutionListener class names from location [META-INF/spring.factories]: [org.springframework.boot.test.autoconfigure.restdocs.RestDocsTestExecutionListener, org.springframework.boot.test.autoconfigure.web.client.MockRestServiceServerResetTestExecutionListener, org.springframework.boot.test.autoconfigure.web.servlet.MockMvcPrintOnlyOnFailureTestExecutionListener, org.springframework.boot.test.autoconfigure.web.servlet.WebDriverTestExecutionListener, org.springframework.boot.test.autoconfigure.webservices.client.MockWebServiceServerTestExecutionListener, org.springframework.boot.test.mock.mockito.MockitoTestExecutionListener, org.springframework.boot.test.mock.mockito.ResetMocksTestExecutionListener, org.springframework.test.context.web.ServletTestExecutionListener, org.springframework.test.context.support.DirtiesContextBeforeModesTestExecutionListener, org.springframework.test.context.event.ApplicationEventsTestExecutionListener, org.springframework.test.context.support.DependencyInjectionTestExecutionListener, org.springframework.test.context.support.DirtiesContextTestExecutionListener, org.springframework.test.context.transaction.TransactionalTestExecutionListener, org.springframework.test.context.jdbc.SqlScriptsTestExecutionListener, org.springframework.test.context.event.EventPublishingTestExecutionListener]
14:21:33.180 [Test worker] INFO org.springframework.boot.test.context.SpringBootTestContextBootstrapper - Using TestExecutionListeners: [org.springframework.test.context.web.ServletTestExecutionListener@65aa6596, org.springframework.test.context.support.DirtiesContextBeforeModesTestExecutionListener@67389cb8, org.springframework.test.context.event.ApplicationEventsTestExecutionListener@419a20a6, org.springframework.boot.test.mock.mockito.MockitoTestExecutionListener@533377b, org.springframework.boot.test.autoconfigure.SpringBootDependencyInjectionTestExecutionListener@3383649e, org.springframework.test.context.support.DirtiesContextTestExecutionListener@10fde30a, org.springframework.test.context.transaction.TransactionalTestExecutionListener@f27ea3, org.springframework.test.context.jdbc.SqlScriptsTestExecutionListener@1ce61929, org.springframework.test.context.event.EventPublishingTestExecutionListener@346939bf, org.springframework.boot.test.autoconfigure.restdocs.RestDocsTestExecutionListener@4bf3798b, org.springframework.boot.test.autoconfigure.web.client.MockRestServiceServerResetTestExecutionListener@58670130, org.springframework.boot.test.autoconfigure.web.servlet.MockMvcPrintOnlyOnFailureTestExecutionListener@74e47444, org.springframework.boot.test.autoconfigure.web.servlet.WebDriverTestExecutionListener@9bd0fa6, org.springframework.boot.test.autoconfigure.webservices.client.MockWebServiceServerTestExecutionListener@59d2103b, org.springframework.boot.test.mock.mockito.ResetMocksTestExecutionListener@39dcf4b0]
14:21:33.182 [Test worker] DEBUG org.springframework.test.context.support.AbstractDirtiesContextTestExecutionListener - Before test class: context [DefaultTestContext@7c7d3c46 testClass = FinalProjectApplicationTests, testInstance = [null], testMethod = [null], testException = [null], mergedContextConfiguration = [WebMergedContextConfiguration@24fb6a80 testClass = FinalProjectApplicationTests, locations = '{}', classes = '{class org.generation.FinalProject.FinalProjectApplication}', contextInitializerClasses = '[]', activeProfiles = '{}', propertySourceLocations = '{}', propertySourceProperties = '{org.springframework.boot.test.context.SpringBootTestContextBootstrapper=true}', contextCustomizers = set[org.springframework.boot.test.autoconfigure.actuate.metrics.MetricsExportContextCustomizerFactory$DisableMetricExportContextCustomizer@24ba9639, org.springframework.boot.test.autoconfigure.properties.PropertyMappingContextCustomizer@0, org.springframework.boot.test.autoconfigure.web.servlet.WebDriverContextCustomizerFactory$Customizer@3fc9504b, org.springframework.boot.test.context.filter.ExcludeFilterContextCustomizer@740d2e78, org.springframework.boot.test.json.DuplicateJsonObjectContextCustomizerFactory$DuplicateJsonObjectContextCustomizer@5a1de7fb, org.springframework.boot.test.mock.mockito.MockitoContextCustomizer@0, org.springframework.boot.test.web.client.TestRestTemplateContextCustomizer@42039326, org.springframework.boot.test.context.SpringBootTestArgs@1, org.springframework.boot.test.context.SpringBootTestWebEnvironment@4e7912d8], resourceBasePath = 'src/main/webapp', contextLoader = 'org.springframework.boot.test.context.SpringBootContextLoader', parent = [null]], attributes = map['org.springframework.test.context.web.ServletTestExecutionListener.activateListener' -> true]], class annotated with @DirtiesContext [false] with mode [null].

  .   ____          _            __ _ _
 /\\ / ___'_ __ _ _(_)_ __  __ _ \ \ \ \
( ( )\___ | '_ | '_| | '_ \/ _` | \ \ \ \
 \\/  ___)| |_)| | | | | || (_| |  ) ) ) )
  '  |____| .__|_| |_|_| |_\__, | / / / /
 =========|_|==============|___/=/_/_/_/
 :: Spring Boot ::                (v2.7.0)

2022-06-24 14:21:33.398  INFO 23664 --- [    Test worker] o.g.F.FinalProjectApplicationTests       : Starting FinalProjectApplicationTests using Java 18.0.1.1 on MalformedBox with PID 23664 (started by Zulhilmi in F:\OneDrive\KekasihDeploy\KekasihDeploy)
2022-06-24 14:21:33.399  INFO 23664 --- [    Test worker] o.g.F.FinalProjectApplicationTests       : No active profile set, falling back to 1 default profile: "default"
2022-06-24 14:21:33.865  INFO 23664 --- [    Test worker] .s.d.r.c.RepositoryConfigurationDelegate : Bootstrapping Spring Data JPA repositories in DEFAULT mode.
2022-06-24 14:21:33.928  INFO 23664 --- [    Test worker] .s.d.r.c.RepositoryConfigurationDelegate : Finished Spring Data repository scanning in 57 ms. Found 1 JPA repository interfaces.
2022-06-24 14:21:34.364  INFO 23664 --- [    Test worker] com.zaxxer.hikari.HikariDataSource       : HikariPool-1 - Starting...
2022-06-24 14:21:34.617  INFO 23664 --- [    Test worker] com.zaxxer.hikari.HikariDataSource       : HikariPool-1 - Start completed.
2022-06-24 14:21:34.671  INFO 23664 --- [    Test worker] o.hibernate.jpa.internal.util.LogHelper  : HHH000204: Processing PersistenceUnitInfo [name: default]
2022-06-24 14:21:34.710  INFO 23664 --- [    Test worker] org.hibernate.Version                    : HHH000412: Hibernate ORM core version 5.6.9.Final
2022-06-24 14:21:34.898  INFO 23664 --- [    Test worker] o.hibernate.annotations.common.Version   : HCANN000001: Hibernate Commons Annotations {5.1.2.Final}
2022-06-24 14:21:35.013  INFO 23664 --- [    Test worker] org.hibernate.dialect.Dialect            : HHH000400: Using dialect: org.hibernate.dialect.MySQL8Dialect
2022-06-24 14:21:35.417  INFO 23664 --- [    Test worker] o.h.e.t.j.p.i.JtaPlatformInitiator       : HHH000490: Using JtaPlatform implementation: [org.hibernate.engine.transaction.jta.platform.internal.NoJtaPlatform]
2022-06-24 14:21:35.424  INFO 23664 --- [    Test worker] j.LocalContainerEntityManagerFactoryBean : Initialized JPA EntityManagerFactory for persistence unit 'default'
2022-06-24 14:21:35.828  INFO 23664 --- [    Test worker] o.s.s.web.DefaultSecurityFilterChain     : Will secure any request with [org.springframework.security.web.session.DisableEncodeUrlFilter@31cd0efa, org.springframework.security.web.context.request.async.WebAsyncManagerIntegrationFilter@3294102e, org.springframework.security.web.context.SecurityContextPersistenceFilter@5e72c82a, org.springframework.security.web.header.HeaderWriterFilter@24520a51, org.springframework.security.web.authentication.logout.LogoutFilter@7c39193f, org.springframework.security.web.authentication.UsernamePasswordAuthenticationFilter@5d84b088, org.springframework.security.web.savedrequest.RequestCacheAwareFilter@58d79479, org.springframework.security.web.servletapi.SecurityContextHolderAwareRequestFilter@495f7ca4, org.springframework.security.web.authentication.AnonymousAuthenticationFilter@5a69b3cf, org.springframework.security.web.session.SessionManagementFilter@da11873, org.springframework.security.web.access.ExceptionTranslationFilter@64908ab9, org.springframework.security.web.access.intercept.FilterSecurityInterceptor@768e40af]
2022-06-24 14:21:35.994  WARN 23664 --- [    Test worker] JpaBaseConfiguration$JpaWebConfiguration : spring.jpa.open-in-view is enabled by default. Therefore, database queries may be performed during view rendering. Explicitly configure spring.jpa.open-in-view to disable this warning
2022-06-24 14:21:36.503  INFO 23664 --- [    Test worker] o.g.F.FinalProjectApplicationTests       : Started FinalProjectApplicationTests in 3.295 seconds (JVM running for 4.093)
]]></system-out>
  <system-err><![CDATA[]]></system-err>
</testsuite>
