<?xml version="1.0" encoding="UTF-8"?>
<testsuite name="org.generation.FinalProject.ItemControllerTest" tests="3" skipped="0" failures="0" errors="0" timestamp="2022-06-24T06:21:36" hostname="MALFORMEDBOX" time="0.066">
  <properties/>
  <testcase name="findItemService()" classname="org.generation.FinalProject.ItemControllerTest" time="0.059"/>
  <testcase name="listItemService()" classname="org.generation.FinalProject.ItemControllerTest" time="0.004"/>
  <testcase name="deleteItemService()" classname="org.generation.FinalProject.ItemControllerTest" time="0.002"/>
  <system-out><![CDATA[2022-06-24 14:21:36.650  INFO 23664 --- [    Test worker] .b.t.c.SpringBootTestContextBootstrapper : Neither @ContextConfiguration nor @ContextHierarchy found for test class [org.generation.FinalProject.ItemControllerTest], using SpringBootContextLoader
2022-06-24 14:21:36.651  INFO 23664 --- [    Test worker] o.s.t.c.support.AbstractContextLoader    : Could not detect default resource locations for test class [org.generation.FinalProject.ItemControllerTest]: no resource found for suffixes {-context.xml, Context.groovy}.
2022-06-24 14:21:36.651  INFO 23664 --- [    Test worker] t.c.s.AnnotationConfigContextLoaderUtils : Could not detect default configuration classes for test class [org.generation.FinalProject.ItemControllerTest]: ItemControllerTest does not declare any static, non-private, non-final, nested classes annotated with @Configuration.
2022-06-24 14:21:36.652  INFO 23664 --- [    Test worker] .b.t.c.SpringBootTestContextBootstrapper : Found @SpringBootConfiguration org.generation.FinalProject.FinalProjectApplication for test class org.generation.FinalProject.ItemControllerTest
2022-06-24 14:21:36.656  INFO 23664 --- [    Test worker] .b.t.c.SpringBootTestContextBootstrapper : Loaded default TestExecutionListener class names from location [META-INF/spring.factories]: [org.springframework.boot.test.autoconfigure.restdocs.RestDocsTestExecutionListener, org.springframework.boot.test.autoconfigure.web.client.MockRestServiceServerResetTestExecutionListener, org.springframework.boot.test.autoconfigure.web.servlet.MockMvcPrintOnlyOnFailureTestExecutionListener, org.springframework.boot.test.autoconfigure.web.servlet.WebDriverTestExecutionListener, org.springframework.boot.test.autoconfigure.webservices.client.MockWebServiceServerTestExecutionListener, org.springframework.boot.test.mock.mockito.MockitoTestExecutionListener, org.springframework.boot.test.mock.mockito.ResetMocksTestExecutionListener, org.springframework.test.context.web.ServletTestExecutionListener, org.springframework.test.context.support.DirtiesContextBeforeModesTestExecutionListener, org.springframework.test.context.event.ApplicationEventsTestExecutionListener, org.springframework.test.context.support.DependencyInjectionTestExecutionListener, org.springframework.test.context.support.DirtiesContextTestExecutionListener, org.springframework.test.context.transaction.TransactionalTestExecutionListener, org.springframework.test.context.jdbc.SqlScriptsTestExecutionListener, org.springframework.test.context.event.EventPublishingTestExecutionListener]
2022-06-24 14:21:36.657  INFO 23664 --- [    Test worker] .b.t.c.SpringBootTestContextBootstrapper : Using TestExecutionListeners: [org.springframework.test.context.web.ServletTestExecutionListener@44c54463, org.springframework.test.context.support.DirtiesContextBeforeModesTestExecutionListener@64b20d9c, org.springframework.test.context.event.ApplicationEventsTestExecutionListener@6fc3f1a7, org.springframework.boot.test.mock.mockito.MockitoTestExecutionListener@7151dd9d, org.springframework.boot.test.autoconfigure.SpringBootDependencyInjectionTestExecutionListener@1f596988, org.springframework.test.context.support.DirtiesContextTestExecutionListener@6bf34912, org.springframework.test.context.transaction.TransactionalTestExecutionListener@1bcdd302, org.springframework.test.context.jdbc.SqlScriptsTestExecutionListener@648f48d3, org.springframework.test.context.event.EventPublishingTestExecutionListener@30ce78e3, org.springframework.boot.test.autoconfigure.restdocs.RestDocsTestExecutionListener@41041c31, org.springframework.boot.test.autoconfigure.web.client.MockRestServiceServerResetTestExecutionListener@34a482d0, org.springframework.boot.test.autoconfigure.web.servlet.MockMvcPrintOnlyOnFailureTestExecutionListener@2a738d47, org.springframework.boot.test.autoconfigure.web.servlet.WebDriverTestExecutionListener@6939f18a, org.springframework.boot.test.autoconfigure.webservices.client.MockWebServiceServerTestExecutionListener@8bd9d08, org.springframework.boot.test.mock.mockito.ResetMocksTestExecutionListener@189f3ccd]
]]></system-out>
  <system-err><![CDATA[]]></system-err>
</testsuite>
