<?xml version="1.0" encoding="UTF-8"?>
<testsuite name="org.generation.FinalProject.ItemServiceMySQLTest" tests="4" skipped="0" failures="0" errors="0" timestamp="2022-06-24T06:21:36" hostname="MALFORMEDBOX" time="0.038">
  <properties/>
  <testcase name="listCallsItemsRepositoryList()" classname="org.generation.FinalProject.ItemServiceMySQLTest" time="0.022"/>
  <testcase name="saveCallsItemsRepositorySave()" classname="org.generation.FinalProject.ItemServiceMySQLTest" time="0.003"/>
  <testcase name="deleteCallsItemsRepositoryDelete()" classname="org.generation.FinalProject.ItemServiceMySQLTest" time="0.003"/>
  <testcase name="findByIdCallsItemsRepositoryFindById()" classname="org.generation.FinalProject.ItemServiceMySQLTest" time="0.01"/>
  <system-out><![CDATA[2022-06-24 14:21:36.728  INFO 23664 --- [    Test worker] .b.t.c.SpringBootTestContextBootstrapper : Neither @ContextConfiguration nor @ContextHierarchy found for test class [org.generation.FinalProject.ItemServiceMySQLTest], using SpringBootContextLoader
2022-06-24 14:21:36.729  INFO 23664 --- [    Test worker] o.s.t.c.support.AbstractContextLoader    : Could not detect default resource locations for test class [org.generation.FinalProject.ItemServiceMySQLTest]: no resource found for suffixes {-context.xml, Context.groovy}.
2022-06-24 14:21:36.729  INFO 23664 --- [    Test worker] t.c.s.AnnotationConfigContextLoaderUtils : Could not detect default configuration classes for test class [org.generation.FinalProject.ItemServiceMySQLTest]: ItemServiceMySQLTest does not declare any static, non-private, non-final, nested classes annotated with @Configuration.
2022-06-24 14:21:36.730  INFO 23664 --- [    Test worker] .b.t.c.SpringBootTestContextBootstrapper : Found @SpringBootConfiguration org.generation.FinalProject.FinalProjectApplication for test class org.generation.FinalProject.ItemServiceMySQLTest
2022-06-24 14:21:36.730  INFO 23664 --- [    Test worker] .b.t.c.SpringBootTestContextBootstrapper : Loaded default TestExecutionListener class names from location [META-INF/spring.factories]: [org.springframework.boot.test.autoconfigure.restdocs.RestDocsTestExecutionListener, org.springframework.boot.test.autoconfigure.web.client.MockRestServiceServerResetTestExecutionListener, org.springframework.boot.test.autoconfigure.web.servlet.MockMvcPrintOnlyOnFailureTestExecutionListener, org.springframework.boot.test.autoconfigure.web.servlet.WebDriverTestExecutionListener, org.springframework.boot.test.autoconfigure.webservices.client.MockWebServiceServerTestExecutionListener, org.springframework.boot.test.mock.mockito.MockitoTestExecutionListener, org.springframework.boot.test.mock.mockito.ResetMocksTestExecutionListener, org.springframework.test.context.web.ServletTestExecutionListener, org.springframework.test.context.support.DirtiesContextBeforeModesTestExecutionListener, org.springframework.test.context.event.ApplicationEventsTestExecutionListener, org.springframework.test.context.support.DependencyInjectionTestExecutionListener, org.springframework.test.context.support.DirtiesContextTestExecutionListener, org.springframework.test.context.transaction.TransactionalTestExecutionListener, org.springframework.test.context.jdbc.SqlScriptsTestExecutionListener, org.springframework.test.context.event.EventPublishingTestExecutionListener]
2022-06-24 14:21:36.731  INFO 23664 --- [    Test worker] .b.t.c.SpringBootTestContextBootstrapper : Using TestExecutionListeners: [org.springframework.test.context.web.ServletTestExecutionListener@7d7888a5, org.springframework.test.context.support.DirtiesContextBeforeModesTestExecutionListener@6dcdc378, org.springframework.test.context.event.ApplicationEventsTestExecutionListener@4accc3de, org.springframework.boot.test.mock.mockito.MockitoTestExecutionListener@1a23136f, org.springframework.boot.test.autoconfigure.SpringBootDependencyInjectionTestExecutionListener@23a78d2e, org.springframework.test.context.support.DirtiesContextTestExecutionListener@20724c21, org.springframework.test.context.transaction.TransactionalTestExecutionListener@c0cb9c2, org.springframework.test.context.jdbc.SqlScriptsTestExecutionListener@eb66b47, org.springframework.test.context.event.EventPublishingTestExecutionListener@11e75942, org.springframework.boot.test.autoconfigure.restdocs.RestDocsTestExecutionListener@23c61c1b, org.springframework.boot.test.autoconfigure.web.client.MockRestServiceServerResetTestExecutionListener@4a6d6308, org.springframework.boot.test.autoconfigure.web.servlet.MockMvcPrintOnlyOnFailureTestExecutionListener@773cc551, org.springframework.boot.test.autoconfigure.web.servlet.WebDriverTestExecutionListener@5cbaafbd, org.springframework.boot.test.autoconfigure.webservices.client.MockWebServiceServerTestExecutionListener@4f0f56f5, org.springframework.boot.test.mock.mockito.ResetMocksTestExecutionListener@6edb093f]
]]></system-out>
  <system-err><![CDATA[]]></system-err>
</testsuite>
