<?xml version="1.0" encoding="UTF-8"?>
<testsuite name="org.generation.FinalProject.ItemServiceMySQLTest" tests="4" skipped="0" failures="0" errors="0" timestamp="2022-06-24T03:25:37" hostname="MALFORMEDBOX" time="0.044">
  <properties/>
  <testcase name="listCallsItemsRepositoryList()" classname="org.generation.FinalProject.ItemServiceMySQLTest" time="0.024"/>
  <testcase name="saveCallsItemsRepositorySave()" classname="org.generation.FinalProject.ItemServiceMySQLTest" time="0.002"/>
  <testcase name="deleteCallsItemsRepositoryDelete()" classname="org.generation.FinalProject.ItemServiceMySQLTest" time="0.003"/>
  <testcase name="findByIdCallsItemsRepositoryFindById()" classname="org.generation.FinalProject.ItemServiceMySQLTest" time="0.012"/>
  <system-out><![CDATA[2022-06-24 11:25:37.462  INFO 2948 --- [    Test worker] .b.t.c.SpringBootTestContextBootstrapper : Neither @ContextConfiguration nor @ContextHierarchy found for test class [org.generation.FinalProject.ItemServiceMySQLTest], using SpringBootContextLoader
2022-06-24 11:25:37.463  INFO 2948 --- [    Test worker] o.s.t.c.support.AbstractContextLoader    : Could not detect default resource locations for test class [org.generation.FinalProject.ItemServiceMySQLTest]: no resource found for suffixes {-context.xml, Context.groovy}.
2022-06-24 11:25:37.463  INFO 2948 --- [    Test worker] t.c.s.AnnotationConfigContextLoaderUtils : Could not detect default configuration classes for test class [org.generation.FinalProject.ItemServiceMySQLTest]: ItemServiceMySQLTest does not declare any static, non-private, non-final, nested classes annotated with @Configuration.
2022-06-24 11:25:37.464  INFO 2948 --- [    Test worker] .b.t.c.SpringBootTestContextBootstrapper : Found @SpringBootConfiguration org.generation.FinalProject.FinalProjectApplication for test class org.generation.FinalProject.ItemServiceMySQLTest
2022-06-24 11:25:37.465  INFO 2948 --- [    Test worker] .b.t.c.SpringBootTestContextBootstrapper : Loaded default TestExecutionListener class names from location [META-INF/spring.factories]: [org.springframework.boot.test.autoconfigure.restdocs.RestDocsTestExecutionListener, org.springframework.boot.test.autoconfigure.web.client.MockRestServiceServerResetTestExecutionListener, org.springframework.boot.test.autoconfigure.web.servlet.MockMvcPrintOnlyOnFailureTestExecutionListener, org.springframework.boot.test.autoconfigure.web.servlet.WebDriverTestExecutionListener, org.springframework.boot.test.autoconfigure.webservices.client.MockWebServiceServerTestExecutionListener, org.springframework.boot.test.mock.mockito.MockitoTestExecutionListener, org.springframework.boot.test.mock.mockito.ResetMocksTestExecutionListener, org.springframework.test.context.web.ServletTestExecutionListener, org.springframework.test.context.support.DirtiesContextBeforeModesTestExecutionListener, org.springframework.test.context.event.ApplicationEventsTestExecutionListener, org.springframework.test.context.support.DependencyInjectionTestExecutionListener, org.springframework.test.context.support.DirtiesContextTestExecutionListener, org.springframework.test.context.transaction.TransactionalTestExecutionListener, org.springframework.test.context.jdbc.SqlScriptsTestExecutionListener, org.springframework.test.context.event.EventPublishingTestExecutionListener]
2022-06-24 11:25:37.465  INFO 2948 --- [    Test worker] .b.t.c.SpringBootTestContextBootstrapper : Using TestExecutionListeners: [org.springframework.test.context.web.ServletTestExecutionListener@5cbaafbd, org.springframework.test.context.support.DirtiesContextBeforeModesTestExecutionListener@4f0f56f5, org.springframework.test.context.event.ApplicationEventsTestExecutionListener@6edb093f, org.springframework.boot.test.mock.mockito.MockitoTestExecutionListener@7f5c4ff8, org.springframework.boot.test.autoconfigure.SpringBootDependencyInjectionTestExecutionListener@7692c0e9, org.springframework.test.context.support.DirtiesContextTestExecutionListener@431f8830, org.springframework.test.context.transaction.TransactionalTestExecutionListener@75bbe39d, org.springframework.test.context.jdbc.SqlScriptsTestExecutionListener@6805415d, org.springframework.test.context.event.EventPublishingTestExecutionListener@870413c, org.springframework.boot.test.autoconfigure.restdocs.RestDocsTestExecutionListener@3791160a, org.springframework.boot.test.autoconfigure.web.client.MockRestServiceServerResetTestExecutionListener@1d9cac6e, org.springframework.boot.test.autoconfigure.web.servlet.MockMvcPrintOnlyOnFailureTestExecutionListener@5f510929, org.springframework.boot.test.autoconfigure.web.servlet.WebDriverTestExecutionListener@55a2ca5e, org.springframework.boot.test.autoconfigure.webservices.client.MockWebServiceServerTestExecutionListener@6abca7a6, org.springframework.boot.test.mock.mockito.ResetMocksTestExecutionListener@12bb8943]
]]></system-out>
  <system-err><![CDATA[]]></system-err>
</testsuite>
